[0.155s] DEBUG:colcon:Command line arguments: ['/usr/bin/colcon', 'build']
[0.156s] DEBUG:colcon:Parsed command line arguments: Namespace(log_base=None, log_level=None, verb_name='build', build_base='build', install_base='install', merge_install=False, symlink_install=False, test_result_base=None, continue_on_error=False, executor='parallel', parallel_workers=16, event_handlers=None, ignore_user_meta=False, metas=['./colcon.meta'], base_paths=['.'], packages_ignore=None, packages_ignore_regex=None, paths=None, packages_up_to=None, packages_up_to_regex=None, packages_above=None, packages_above_and_dependencies=None, packages_above_depth=None, packages_select_by_dep=None, packages_skip_by_dep=None, packages_skip_up_to=None, packages_select_build_failed=False, packages_skip_build_finished=False, packages_select_test_failures=False, packages_skip_test_passed=False, packages_select=None, packages_skip=None, packages_select_regex=None, packages_skip_regex=None, packages_start=None, packages_end=None, allow_overriding=[], cmake_args=None, cmake_target=None, cmake_target_skip_unavailable=False, cmake_clean_cache=False, cmake_clean_first=False, cmake_force_configure=False, ament_cmake_args=None, catkin_cmake_args=None, catkin_skip_building_tests=False, mixin_files=None, mixin=None, verb_parser=<colcon_mixin.mixin.mixin_argument.MixinArgumentDecorator object at 0x718a50a230d0>, verb_extension=<colcon_core.verb.build.BuildVerb object at 0x718a50a22ad0>, main=<bound method BuildVerb.main of <colcon_core.verb.build.BuildVerb object at 0x718a50a22ad0>>, mixin_verb=('build',))
[0.179s] Level 1:colcon.colcon_core.package_discovery:discover_packages(colcon_meta) check parameters
[0.179s] Level 1:colcon.colcon_core.package_discovery:discover_packages(recursive) check parameters
[0.179s] Level 1:colcon.colcon_core.package_discovery:discover_packages(ignore) check parameters
[0.179s] Level 1:colcon.colcon_core.package_discovery:discover_packages(path) check parameters
[0.179s] Level 1:colcon.colcon_core.package_discovery:discover_packages(colcon_meta) discover
[0.179s] Level 1:colcon.colcon_core.package_discovery:discover_packages(recursive) discover
[0.179s] INFO:colcon.colcon_core.package_discovery:Crawling recursively for packages in '/home/bwally/uav-thesis/drone_ws'
[0.179s] Level 1:colcon.colcon_core.package_identification:_identify(.) by extensions ['ignore', 'ignore_ament_install']
[0.179s] Level 1:colcon.colcon_core.package_identification:_identify(.) by extension 'ignore'
[0.179s] Level 1:colcon.colcon_core.package_identification:_identify(.) by extension 'ignore_ament_install'
[0.179s] Level 1:colcon.colcon_core.package_identification:_identify(.) by extensions ['colcon_pkg']
[0.179s] Level 1:colcon.colcon_core.package_identification:_identify(.) by extension 'colcon_pkg'
[0.179s] Level 1:colcon.colcon_core.package_identification:_identify(.) by extensions ['colcon_meta']
[0.179s] Level 1:colcon.colcon_core.package_identification:_identify(.) by extension 'colcon_meta'
[0.179s] Level 1:colcon.colcon_core.package_identification:_identify(.) by extensions ['ros']
[0.179s] Level 1:colcon.colcon_core.package_identification:_identify(.) by extension 'ros'
[0.197s] Level 1:colcon.colcon_core.package_identification:_identify(.) by extensions ['cmake', 'python']
[0.197s] Level 1:colcon.colcon_core.package_identification:_identify(.) by extension 'cmake'
[0.197s] Level 1:colcon.colcon_core.package_identification:_identify(.) by extension 'python'
[0.197s] Level 1:colcon.colcon_core.package_identification:_identify(.) by extensions ['python_setup_py']
[0.197s] Level 1:colcon.colcon_core.package_identification:_identify(.) by extension 'python_setup_py'
[0.197s] Level 1:colcon.colcon_core.package_identification:_identify(build) by extensions ['ignore', 'ignore_ament_install']
[0.197s] Level 1:colcon.colcon_core.package_identification:_identify(build) by extension 'ignore'
[0.197s] Level 1:colcon.colcon_core.package_identification:_identify(build) ignored
[0.197s] Level 1:colcon.colcon_core.package_identification:_identify(install) by extensions ['ignore', 'ignore_ament_install']
[0.197s] Level 1:colcon.colcon_core.package_identification:_identify(install) by extension 'ignore'
[0.197s] Level 1:colcon.colcon_core.package_identification:_identify(install) ignored
[0.197s] Level 1:colcon.colcon_core.package_identification:_identify(log) by extensions ['ignore', 'ignore_ament_install']
[0.197s] Level 1:colcon.colcon_core.package_identification:_identify(log) by extension 'ignore'
[0.197s] Level 1:colcon.colcon_core.package_identification:_identify(log) ignored
[0.197s] Level 1:colcon.colcon_core.package_identification:_identify(src) by extensions ['ignore', 'ignore_ament_install']
[0.197s] Level 1:colcon.colcon_core.package_identification:_identify(src) by extension 'ignore'
[0.197s] Level 1:colcon.colcon_core.package_identification:_identify(src) by extension 'ignore_ament_install'
[0.197s] Level 1:colcon.colcon_core.package_identification:_identify(src) by extensions ['colcon_pkg']
[0.197s] Level 1:colcon.colcon_core.package_identification:_identify(src) by extension 'colcon_pkg'
[0.198s] Level 1:colcon.colcon_core.package_identification:_identify(src) by extensions ['colcon_meta']
[0.198s] Level 1:colcon.colcon_core.package_identification:_identify(src) by extension 'colcon_meta'
[0.198s] Level 1:colcon.colcon_core.package_identification:_identify(src) by extensions ['ros']
[0.198s] Level 1:colcon.colcon_core.package_identification:_identify(src) by extension 'ros'
[0.198s] Level 1:colcon.colcon_core.package_identification:_identify(src) by extensions ['cmake', 'python']
[0.198s] Level 1:colcon.colcon_core.package_identification:_identify(src) by extension 'cmake'
[0.198s] Level 1:colcon.colcon_core.package_identification:_identify(src) by extension 'python'
[0.198s] Level 1:colcon.colcon_core.package_identification:_identify(src) by extensions ['python_setup_py']
[0.198s] Level 1:colcon.colcon_core.package_identification:_identify(src) by extension 'python_setup_py'
[0.198s] Level 1:colcon.colcon_core.package_identification:_identify(src/px4_msgs) by extensions ['ignore', 'ignore_ament_install']
[0.198s] Level 1:colcon.colcon_core.package_identification:_identify(src/px4_msgs) by extension 'ignore'
[0.198s] Level 1:colcon.colcon_core.package_identification:_identify(src/px4_msgs) by extension 'ignore_ament_install'
[0.198s] Level 1:colcon.colcon_core.package_identification:_identify(src/px4_msgs) by extensions ['colcon_pkg']
[0.198s] Level 1:colcon.colcon_core.package_identification:_identify(src/px4_msgs) by extension 'colcon_pkg'
[0.198s] Level 1:colcon.colcon_core.package_identification:_identify(src/px4_msgs) by extensions ['colcon_meta']
[0.198s] Level 1:colcon.colcon_core.package_identification:_identify(src/px4_msgs) by extension 'colcon_meta'
[0.198s] Level 1:colcon.colcon_core.package_identification:_identify(src/px4_msgs) by extensions ['ros']
[0.198s] Level 1:colcon.colcon_core.package_identification:_identify(src/px4_msgs) by extension 'ros'
[0.199s] DEBUG:colcon.colcon_core.package_identification:Package 'src/px4_msgs' with type 'ros.ament_cmake' and name 'px4_msgs'
[0.199s] Level 1:colcon.colcon_core.package_identification:_identify(src/px4_ros_com) by extensions ['ignore', 'ignore_ament_install']
[0.199s] Level 1:colcon.colcon_core.package_identification:_identify(src/px4_ros_com) by extension 'ignore'
[0.199s] Level 1:colcon.colcon_core.package_identification:_identify(src/px4_ros_com) by extension 'ignore_ament_install'
[0.199s] Level 1:colcon.colcon_core.package_identification:_identify(src/px4_ros_com) by extensions ['colcon_pkg']
[0.199s] Level 1:colcon.colcon_core.package_identification:_identify(src/px4_ros_com) by extension 'colcon_pkg'
[0.199s] Level 1:colcon.colcon_core.package_identification:_identify(src/px4_ros_com) by extensions ['colcon_meta']
[0.199s] Level 1:colcon.colcon_core.package_identification:_identify(src/px4_ros_com) by extension 'colcon_meta'
[0.199s] Level 1:colcon.colcon_core.package_identification:_identify(src/px4_ros_com) by extensions ['ros']
[0.199s] Level 1:colcon.colcon_core.package_identification:_identify(src/px4_ros_com) by extension 'ros'
[0.200s] DEBUG:colcon.colcon_core.package_identification:Package 'src/px4_ros_com' with type 'ros.ament_cmake' and name 'px4_ros_com'
[0.200s] Level 1:colcon.colcon_core.package_discovery:discover_packages(recursive) using defaults
[0.200s] Level 1:colcon.colcon_core.package_discovery:discover_packages(ignore) discover
[0.200s] Level 1:colcon.colcon_core.package_discovery:discover_packages(ignore) using defaults
[0.200s] Level 1:colcon.colcon_core.package_discovery:discover_packages(path) discover
[0.200s] Level 1:colcon.colcon_core.package_discovery:discover_packages(path) using defaults
[0.212s] Level 1:colcon.colcon_core.package_discovery:discover_packages(prefix_path) check parameters
[0.212s] Level 1:colcon.colcon_core.package_discovery:discover_packages(prefix_path) discover
[0.214s] DEBUG:colcon.colcon_installed_package_information.package_discovery:Found 274 installed packages in /opt/ros/humble
[0.215s] Level 1:colcon.colcon_core.package_discovery:discover_packages(prefix_path) using defaults
[0.239s] Level 5:colcon.colcon_core.verb:set package 'px4_msgs' build argument 'cmake_args' from command line to 'None'
[0.239s] Level 5:colcon.colcon_core.verb:set package 'px4_msgs' build argument 'cmake_target' from command line to 'None'
[0.239s] Level 5:colcon.colcon_core.verb:set package 'px4_msgs' build argument 'cmake_target_skip_unavailable' from command line to 'False'
[0.239s] Level 5:colcon.colcon_core.verb:set package 'px4_msgs' build argument 'cmake_clean_cache' from command line to 'False'
[0.239s] Level 5:colcon.colcon_core.verb:set package 'px4_msgs' build argument 'cmake_clean_first' from command line to 'False'
[0.239s] Level 5:colcon.colcon_core.verb:set package 'px4_msgs' build argument 'cmake_force_configure' from command line to 'False'
[0.239s] Level 5:colcon.colcon_core.verb:set package 'px4_msgs' build argument 'ament_cmake_args' from command line to 'None'
[0.239s] Level 5:colcon.colcon_core.verb:set package 'px4_msgs' build argument 'catkin_cmake_args' from command line to 'None'
[0.239s] Level 5:colcon.colcon_core.verb:set package 'px4_msgs' build argument 'catkin_skip_building_tests' from command line to 'False'
[0.239s] DEBUG:colcon.colcon_core.verb:Building package 'px4_msgs' with the following arguments: {'ament_cmake_args': None, 'build_base': '/home/bwally/uav-thesis/drone_ws/build/px4_msgs', 'catkin_cmake_args': None, 'catkin_skip_building_tests': False, 'cmake_args': None, 'cmake_clean_cache': False, 'cmake_clean_first': False, 'cmake_force_configure': False, 'cmake_target': None, 'cmake_target_skip_unavailable': False, 'install_base': '/home/bwally/uav-thesis/drone_ws/install/px4_msgs', 'merge_install': False, 'path': '/home/bwally/uav-thesis/drone_ws/src/px4_msgs', 'symlink_install': False, 'test_result_base': None}
[0.239s] Level 5:colcon.colcon_core.verb:set package 'px4_ros_com' build argument 'cmake_args' from command line to 'None'
[0.239s] Level 5:colcon.colcon_core.verb:set package 'px4_ros_com' build argument 'cmake_target' from command line to 'None'
[0.239s] Level 5:colcon.colcon_core.verb:set package 'px4_ros_com' build argument 'cmake_target_skip_unavailable' from command line to 'False'
[0.239s] Level 5:colcon.colcon_core.verb:set package 'px4_ros_com' build argument 'cmake_clean_cache' from command line to 'False'
[0.239s] Level 5:colcon.colcon_core.verb:set package 'px4_ros_com' build argument 'cmake_clean_first' from command line to 'False'
[0.239s] Level 5:colcon.colcon_core.verb:set package 'px4_ros_com' build argument 'cmake_force_configure' from command line to 'False'
[0.239s] Level 5:colcon.colcon_core.verb:set package 'px4_ros_com' build argument 'ament_cmake_args' from command line to 'None'
[0.239s] Level 5:colcon.colcon_core.verb:set package 'px4_ros_com' build argument 'catkin_cmake_args' from command line to 'None'
[0.239s] Level 5:colcon.colcon_core.verb:set package 'px4_ros_com' build argument 'catkin_skip_building_tests' from command line to 'False'
[0.239s] DEBUG:colcon.colcon_core.verb:Building package 'px4_ros_com' with the following arguments: {'ament_cmake_args': None, 'build_base': '/home/bwally/uav-thesis/drone_ws/build/px4_ros_com', 'catkin_cmake_args': None, 'catkin_skip_building_tests': False, 'cmake_args': None, 'cmake_clean_cache': False, 'cmake_clean_first': False, 'cmake_force_configure': False, 'cmake_target': None, 'cmake_target_skip_unavailable': False, 'install_base': '/home/bwally/uav-thesis/drone_ws/install/px4_ros_com', 'merge_install': False, 'path': '/home/bwally/uav-thesis/drone_ws/src/px4_ros_com', 'symlink_install': False, 'test_result_base': None}
[0.239s] INFO:colcon.colcon_core.executor:Executing jobs using 'parallel' executor
[0.240s] DEBUG:colcon.colcon_parallel_executor.executor.parallel:run_until_complete
[0.240s] INFO:colcon.colcon_ros.task.ament_cmake.build:Building ROS package in '/home/bwally/uav-thesis/drone_ws/src/px4_msgs' with build type 'ament_cmake'
[0.240s] INFO:colcon.colcon_cmake.task.cmake.build:Building CMake package in '/home/bwally/uav-thesis/drone_ws/src/px4_msgs'
[0.242s] INFO:colcon.colcon_core.plugin_system:Skipping extension 'colcon_core.shell.bat': Not used on non-Windows systems
[0.242s] INFO:colcon.colcon_core.shell:Skip shell extension 'powershell' for command environment: Not usable outside of PowerShell
[0.242s] DEBUG:colcon.colcon_core.shell:Skip shell extension 'dsv' for command environment
[0.250s] DEBUG:colcon.colcon_core.event_handler.log_command:Invoking command in '/home/bwally/uav-thesis/drone_ws/build/px4_msgs': CMAKE_PREFIX_PATH=/opt/ros/humble /usr/bin/cmake /home/bwally/uav-thesis/drone_ws/src/px4_msgs -DCMAKE_INSTALL_PREFIX=/home/bwally/uav-thesis/drone_ws/install/px4_msgs
[4.728s] DEBUG:colcon.colcon_core.event_handler.log_command:Invoked command in '/home/bwally/uav-thesis/drone_ws/build/px4_msgs' returned '0': CMAKE_PREFIX_PATH=/opt/ros/humble /usr/bin/cmake /home/bwally/uav-thesis/drone_ws/src/px4_msgs -DCMAKE_INSTALL_PREFIX=/home/bwally/uav-thesis/drone_ws/install/px4_msgs
[4.729s] DEBUG:colcon.colcon_core.event_handler.log_command:Invoking command in '/home/bwally/uav-thesis/drone_ws/build/px4_msgs': CMAKE_PREFIX_PATH=/opt/ros/humble /usr/bin/cmake --build /home/bwally/uav-thesis/drone_ws/build/px4_msgs -- -j16 -l16
[145.061s] DEBUG:colcon.colcon_core.event_handler.log_command:Invoked command in '/home/bwally/uav-thesis/drone_ws/build/px4_msgs' returned '0': CMAKE_PREFIX_PATH=/opt/ros/humble /usr/bin/cmake --build /home/bwally/uav-thesis/drone_ws/build/px4_msgs -- -j16 -l16
[145.069s] DEBUG:colcon.colcon_core.event_handler.log_command:Invoking command in '/home/bwally/uav-thesis/drone_ws/build/px4_msgs': CMAKE_PREFIX_PATH=/opt/ros/humble /usr/bin/cmake --install /home/bwally/uav-thesis/drone_ws/build/px4_msgs
[146.450s] Level 1:colcon.colcon_core.environment:create_environment_scripts_only(px4_msgs)
[146.451s] DEBUG:colcon.colcon_core.event_handler.log_command:Invoked command in '/home/bwally/uav-thesis/drone_ws/build/px4_msgs' returned '0': CMAKE_PREFIX_PATH=/opt/ros/humble /usr/bin/cmake --install /home/bwally/uav-thesis/drone_ws/build/px4_msgs
[146.452s] Level 1:colcon.colcon_core.environment:checking '/home/bwally/uav-thesis/drone_ws/install/px4_msgs' for CMake module files
[146.453s] Level 1:colcon.colcon_core.environment:checking '/home/bwally/uav-thesis/drone_ws/install/px4_msgs' for CMake config files
[146.455s] Level 1:colcon.colcon_core.shell:create_environment_hook('px4_msgs', 'cmake_prefix_path')
[146.456s] INFO:colcon.colcon_core.shell:Creating environment hook '/home/bwally/uav-thesis/drone_ws/install/px4_msgs/share/px4_msgs/hook/cmake_prefix_path.ps1'
[146.456s] INFO:colcon.colcon_core.shell:Creating environment descriptor '/home/bwally/uav-thesis/drone_ws/install/px4_msgs/share/px4_msgs/hook/cmake_prefix_path.dsv'
[146.457s] INFO:colcon.colcon_core.shell:Creating environment hook '/home/bwally/uav-thesis/drone_ws/install/px4_msgs/share/px4_msgs/hook/cmake_prefix_path.sh'
[146.457s] Level 1:colcon.colcon_core.environment:checking '/home/bwally/uav-thesis/drone_ws/install/px4_msgs/lib'
[146.457s] Level 1:colcon.colcon_core.shell:create_environment_hook('px4_msgs', 'ld_library_path_lib')
[146.457s] INFO:colcon.colcon_core.shell:Creating environment hook '/home/bwally/uav-thesis/drone_ws/install/px4_msgs/share/px4_msgs/hook/ld_library_path_lib.ps1'
[146.458s] INFO:colcon.colcon_core.shell:Creating environment descriptor '/home/bwally/uav-thesis/drone_ws/install/px4_msgs/share/px4_msgs/hook/ld_library_path_lib.dsv'
[146.458s] INFO:colcon.colcon_core.shell:Creating environment hook '/home/bwally/uav-thesis/drone_ws/install/px4_msgs/share/px4_msgs/hook/ld_library_path_lib.sh'
[146.458s] Level 1:colcon.colcon_core.environment:checking '/home/bwally/uav-thesis/drone_ws/install/px4_msgs/bin'
[146.458s] Level 1:colcon.colcon_core.environment:checking '/home/bwally/uav-thesis/drone_ws/install/px4_msgs/lib/pkgconfig/px4_msgs.pc'
[146.458s] Level 1:colcon.colcon_core.environment:checking '/home/bwally/uav-thesis/drone_ws/install/px4_msgs/lib/python3.10/site-packages'
[146.458s] Level 1:colcon.colcon_core.environment:checking '/home/bwally/uav-thesis/drone_ws/install/px4_msgs/bin'
[146.458s] INFO:colcon.colcon_core.shell:Creating package script '/home/bwally/uav-thesis/drone_ws/install/px4_msgs/share/px4_msgs/package.ps1'
[146.459s] INFO:colcon.colcon_core.shell:Creating package descriptor '/home/bwally/uav-thesis/drone_ws/install/px4_msgs/share/px4_msgs/package.dsv'
[146.459s] INFO:colcon.colcon_core.shell:Creating package script '/home/bwally/uav-thesis/drone_ws/install/px4_msgs/share/px4_msgs/package.sh'
[146.460s] INFO:colcon.colcon_core.shell:Creating package script '/home/bwally/uav-thesis/drone_ws/install/px4_msgs/share/px4_msgs/package.bash'
[146.460s] INFO:colcon.colcon_core.shell:Creating package script '/home/bwally/uav-thesis/drone_ws/install/px4_msgs/share/px4_msgs/package.zsh'
[146.460s] Level 1:colcon.colcon_core.environment:create_file_with_runtime_dependencies(/home/bwally/uav-thesis/drone_ws/install/px4_msgs/share/colcon-core/packages/px4_msgs)
[146.461s] Level 1:colcon.colcon_core.environment:create_environment_scripts_only(px4_msgs)
[146.461s] Level 1:colcon.colcon_core.environment:checking '/home/bwally/uav-thesis/drone_ws/install/px4_msgs' for CMake module files
[146.462s] Level 1:colcon.colcon_core.environment:checking '/home/bwally/uav-thesis/drone_ws/install/px4_msgs' for CMake config files
[146.465s] Level 1:colcon.colcon_core.shell:create_environment_hook('px4_msgs', 'cmake_prefix_path')
[146.465s] INFO:colcon.colcon_core.shell:Creating environment hook '/home/bwally/uav-thesis/drone_ws/install/px4_msgs/share/px4_msgs/hook/cmake_prefix_path.ps1'
[146.465s] INFO:colcon.colcon_core.shell:Creating environment descriptor '/home/bwally/uav-thesis/drone_ws/install/px4_msgs/share/px4_msgs/hook/cmake_prefix_path.dsv'
[146.465s] INFO:colcon.colcon_core.shell:Creating environment hook '/home/bwally/uav-thesis/drone_ws/install/px4_msgs/share/px4_msgs/hook/cmake_prefix_path.sh'
[146.465s] Level 1:colcon.colcon_core.environment:checking '/home/bwally/uav-thesis/drone_ws/install/px4_msgs/lib'
[146.465s] Level 1:colcon.colcon_core.shell:create_environment_hook('px4_msgs', 'ld_library_path_lib')
[146.466s] INFO:colcon.colcon_core.shell:Creating environment hook '/home/bwally/uav-thesis/drone_ws/install/px4_msgs/share/px4_msgs/hook/ld_library_path_lib.ps1'
[146.466s] INFO:colcon.colcon_core.shell:Creating environment descriptor '/home/bwally/uav-thesis/drone_ws/install/px4_msgs/share/px4_msgs/hook/ld_library_path_lib.dsv'
[146.466s] INFO:colcon.colcon_core.shell:Creating environment hook '/home/bwally/uav-thesis/drone_ws/install/px4_msgs/share/px4_msgs/hook/ld_library_path_lib.sh'
[146.466s] Level 1:colcon.colcon_core.environment:checking '/home/bwally/uav-thesis/drone_ws/install/px4_msgs/bin'
[146.466s] Level 1:colcon.colcon_core.environment:checking '/home/bwally/uav-thesis/drone_ws/install/px4_msgs/lib/pkgconfig/px4_msgs.pc'
[146.466s] Level 1:colcon.colcon_core.environment:checking '/home/bwally/uav-thesis/drone_ws/install/px4_msgs/lib/python3.10/site-packages'
[146.467s] Level 1:colcon.colcon_core.environment:checking '/home/bwally/uav-thesis/drone_ws/install/px4_msgs/bin'
[146.467s] INFO:colcon.colcon_core.shell:Creating package script '/home/bwally/uav-thesis/drone_ws/install/px4_msgs/share/px4_msgs/package.ps1'
[146.467s] INFO:colcon.colcon_core.shell:Creating package descriptor '/home/bwally/uav-thesis/drone_ws/install/px4_msgs/share/px4_msgs/package.dsv'
[146.467s] INFO:colcon.colcon_core.shell:Creating package script '/home/bwally/uav-thesis/drone_ws/install/px4_msgs/share/px4_msgs/package.sh'
[146.467s] INFO:colcon.colcon_core.shell:Creating package script '/home/bwally/uav-thesis/drone_ws/install/px4_msgs/share/px4_msgs/package.bash'
[146.468s] INFO:colcon.colcon_core.shell:Creating package script '/home/bwally/uav-thesis/drone_ws/install/px4_msgs/share/px4_msgs/package.zsh'
[146.468s] Level 1:colcon.colcon_core.environment:create_file_with_runtime_dependencies(/home/bwally/uav-thesis/drone_ws/install/px4_msgs/share/colcon-core/packages/px4_msgs)
[146.468s] INFO:colcon.colcon_ros.task.ament_cmake.build:Building ROS package in '/home/bwally/uav-thesis/drone_ws/src/px4_ros_com' with build type 'ament_cmake'
[146.469s] INFO:colcon.colcon_cmake.task.cmake.build:Building CMake package in '/home/bwally/uav-thesis/drone_ws/src/px4_ros_com'
[146.469s] INFO:colcon.colcon_core.shell:Skip shell extension 'powershell' for command environment: Not usable outside of PowerShell
[146.469s] DEBUG:colcon.colcon_core.shell:Skip shell extension 'dsv' for command environment
[146.598s] DEBUG:colcon.colcon_core.event_handler.log_command:Invoking command in '/home/bwally/uav-thesis/drone_ws/build/px4_ros_com': AMENT_PREFIX_PATH=/home/bwally/uav-thesis/drone_ws/install/px4_msgs:${AMENT_PREFIX_PATH} CMAKE_PREFIX_PATH=/home/bwally/uav-thesis/drone_ws/install/px4_msgs:/opt/ros/humble LD_LIBRARY_PATH=/home/bwally/uav-thesis/drone_ws/install/px4_msgs/lib:${LD_LIBRARY_PATH} PYTHONPATH=/home/bwally/uav-thesis/drone_ws/install/px4_msgs/local/lib/python3.10/dist-packages:${PYTHONPATH} /usr/bin/cmake /home/bwally/uav-thesis/drone_ws/src/px4_ros_com -DCMAKE_INSTALL_PREFIX=/home/bwally/uav-thesis/drone_ws/install/px4_ros_com
[154.985s] DEBUG:colcon.colcon_core.event_handler.log_command:Invoked command in '/home/bwally/uav-thesis/drone_ws/build/px4_ros_com' returned '0': AMENT_PREFIX_PATH=/home/bwally/uav-thesis/drone_ws/install/px4_msgs:${AMENT_PREFIX_PATH} CMAKE_PREFIX_PATH=/home/bwally/uav-thesis/drone_ws/install/px4_msgs:/opt/ros/humble LD_LIBRARY_PATH=/home/bwally/uav-thesis/drone_ws/install/px4_msgs/lib:${LD_LIBRARY_PATH} PYTHONPATH=/home/bwally/uav-thesis/drone_ws/install/px4_msgs/local/lib/python3.10/dist-packages:${PYTHONPATH} /usr/bin/cmake /home/bwally/uav-thesis/drone_ws/src/px4_ros_com -DCMAKE_INSTALL_PREFIX=/home/bwally/uav-thesis/drone_ws/install/px4_ros_com
[154.986s] DEBUG:colcon.colcon_core.event_handler.log_command:Invoking command in '/home/bwally/uav-thesis/drone_ws/build/px4_ros_com': AMENT_PREFIX_PATH=/home/bwally/uav-thesis/drone_ws/install/px4_msgs:${AMENT_PREFIX_PATH} CMAKE_PREFIX_PATH=/home/bwally/uav-thesis/drone_ws/install/px4_msgs:/opt/ros/humble LD_LIBRARY_PATH=/home/bwally/uav-thesis/drone_ws/install/px4_msgs/lib:${LD_LIBRARY_PATH} PYTHONPATH=/home/bwally/uav-thesis/drone_ws/install/px4_msgs/local/lib/python3.10/dist-packages:${PYTHONPATH} /usr/bin/cmake --build /home/bwally/uav-thesis/drone_ws/build/px4_ros_com -- -j16 -l16
[161.184s] DEBUG:colcon.colcon_core.event_handler.log_command:Invoked command in '/home/bwally/uav-thesis/drone_ws/build/px4_ros_com' returned '0': AMENT_PREFIX_PATH=/home/bwally/uav-thesis/drone_ws/install/px4_msgs:${AMENT_PREFIX_PATH} CMAKE_PREFIX_PATH=/home/bwally/uav-thesis/drone_ws/install/px4_msgs:/opt/ros/humble LD_LIBRARY_PATH=/home/bwally/uav-thesis/drone_ws/install/px4_msgs/lib:${LD_LIBRARY_PATH} PYTHONPATH=/home/bwally/uav-thesis/drone_ws/install/px4_msgs/local/lib/python3.10/dist-packages:${PYTHONPATH} /usr/bin/cmake --build /home/bwally/uav-thesis/drone_ws/build/px4_ros_com -- -j16 -l16
[161.186s] DEBUG:colcon.colcon_core.event_handler.log_command:Invoking command in '/home/bwally/uav-thesis/drone_ws/build/px4_ros_com': AMENT_PREFIX_PATH=/home/bwally/uav-thesis/drone_ws/install/px4_msgs:${AMENT_PREFIX_PATH} CMAKE_PREFIX_PATH=/home/bwally/uav-thesis/drone_ws/install/px4_msgs:/opt/ros/humble LD_LIBRARY_PATH=/home/bwally/uav-thesis/drone_ws/install/px4_msgs/lib:${LD_LIBRARY_PATH} PYTHONPATH=/home/bwally/uav-thesis/drone_ws/install/px4_msgs/local/lib/python3.10/dist-packages:${PYTHONPATH} /usr/bin/cmake --install /home/bwally/uav-thesis/drone_ws/build/px4_ros_com
[161.246s] Level 1:colcon.colcon_core.environment:create_environment_scripts_only(px4_ros_com)
[161.247s] DEBUG:colcon.colcon_core.event_handler.log_command:Invoked command in '/home/bwally/uav-thesis/drone_ws/build/px4_ros_com' returned '0': AMENT_PREFIX_PATH=/home/bwally/uav-thesis/drone_ws/install/px4_msgs:${AMENT_PREFIX_PATH} CMAKE_PREFIX_PATH=/home/bwally/uav-thesis/drone_ws/install/px4_msgs:/opt/ros/humble LD_LIBRARY_PATH=/home/bwally/uav-thesis/drone_ws/install/px4_msgs/lib:${LD_LIBRARY_PATH} PYTHONPATH=/home/bwally/uav-thesis/drone_ws/install/px4_msgs/local/lib/python3.10/dist-packages:${PYTHONPATH} /usr/bin/cmake --install /home/bwally/uav-thesis/drone_ws/build/px4_ros_com
[161.247s] Level 1:colcon.colcon_core.environment:checking '/home/bwally/uav-thesis/drone_ws/install/px4_ros_com' for CMake module files
[161.247s] Level 1:colcon.colcon_core.environment:checking '/home/bwally/uav-thesis/drone_ws/install/px4_ros_com' for CMake config files
[161.248s] Level 1:colcon.colcon_core.shell:create_environment_hook('px4_ros_com', 'cmake_prefix_path')
[161.248s] INFO:colcon.colcon_core.shell:Creating environment hook '/home/bwally/uav-thesis/drone_ws/install/px4_ros_com/share/px4_ros_com/hook/cmake_prefix_path.ps1'
[161.249s] INFO:colcon.colcon_core.shell:Creating environment descriptor '/home/bwally/uav-thesis/drone_ws/install/px4_ros_com/share/px4_ros_com/hook/cmake_prefix_path.dsv'
[161.249s] INFO:colcon.colcon_core.shell:Creating environment hook '/home/bwally/uav-thesis/drone_ws/install/px4_ros_com/share/px4_ros_com/hook/cmake_prefix_path.sh'
[161.249s] Level 1:colcon.colcon_core.environment:checking '/home/bwally/uav-thesis/drone_ws/install/px4_ros_com/lib'
[161.249s] Level 1:colcon.colcon_core.shell:create_environment_hook('px4_ros_com', 'ld_library_path_lib')
[161.249s] INFO:colcon.colcon_core.shell:Creating environment hook '/home/bwally/uav-thesis/drone_ws/install/px4_ros_com/share/px4_ros_com/hook/ld_library_path_lib.ps1'
[161.249s] INFO:colcon.colcon_core.shell:Creating environment descriptor '/home/bwally/uav-thesis/drone_ws/install/px4_ros_com/share/px4_ros_com/hook/ld_library_path_lib.dsv'
[161.250s] INFO:colcon.colcon_core.shell:Creating environment hook '/home/bwally/uav-thesis/drone_ws/install/px4_ros_com/share/px4_ros_com/hook/ld_library_path_lib.sh'
[161.250s] Level 1:colcon.colcon_core.environment:checking '/home/bwally/uav-thesis/drone_ws/install/px4_ros_com/bin'
[161.250s] Level 1:colcon.colcon_core.environment:checking '/home/bwally/uav-thesis/drone_ws/install/px4_ros_com/lib/pkgconfig/px4_ros_com.pc'
[161.250s] Level 1:colcon.colcon_core.environment:checking '/home/bwally/uav-thesis/drone_ws/install/px4_ros_com/lib/python3.10/site-packages'
[161.250s] Level 1:colcon.colcon_core.environment:checking '/home/bwally/uav-thesis/drone_ws/install/px4_ros_com/bin'
[161.250s] INFO:colcon.colcon_core.shell:Creating package script '/home/bwally/uav-thesis/drone_ws/install/px4_ros_com/share/px4_ros_com/package.ps1'
[161.250s] INFO:colcon.colcon_core.shell:Creating package descriptor '/home/bwally/uav-thesis/drone_ws/install/px4_ros_com/share/px4_ros_com/package.dsv'
[161.251s] INFO:colcon.colcon_core.shell:Creating package script '/home/bwally/uav-thesis/drone_ws/install/px4_ros_com/share/px4_ros_com/package.sh'
[161.251s] INFO:colcon.colcon_core.shell:Creating package script '/home/bwally/uav-thesis/drone_ws/install/px4_ros_com/share/px4_ros_com/package.bash'
[161.251s] INFO:colcon.colcon_core.shell:Creating package script '/home/bwally/uav-thesis/drone_ws/install/px4_ros_com/share/px4_ros_com/package.zsh'
[161.251s] Level 1:colcon.colcon_core.environment:create_file_with_runtime_dependencies(/home/bwally/uav-thesis/drone_ws/install/px4_ros_com/share/colcon-core/packages/px4_ros_com)
[161.252s] Level 1:colcon.colcon_core.environment:create_environment_scripts_only(px4_ros_com)
[161.252s] Level 1:colcon.colcon_core.environment:checking '/home/bwally/uav-thesis/drone_ws/install/px4_ros_com' for CMake module files
[161.253s] Level 1:colcon.colcon_core.environment:checking '/home/bwally/uav-thesis/drone_ws/install/px4_ros_com' for CMake config files
[161.253s] Level 1:colcon.colcon_core.shell:create_environment_hook('px4_ros_com', 'cmake_prefix_path')
[161.253s] INFO:colcon.colcon_core.shell:Creating environment hook '/home/bwally/uav-thesis/drone_ws/install/px4_ros_com/share/px4_ros_com/hook/cmake_prefix_path.ps1'
[161.253s] INFO:colcon.colcon_core.shell:Creating environment descriptor '/home/bwally/uav-thesis/drone_ws/install/px4_ros_com/share/px4_ros_com/hook/cmake_prefix_path.dsv'
[161.253s] INFO:colcon.colcon_core.shell:Creating environment hook '/home/bwally/uav-thesis/drone_ws/install/px4_ros_com/share/px4_ros_com/hook/cmake_prefix_path.sh'
[161.254s] Level 1:colcon.colcon_core.environment:checking '/home/bwally/uav-thesis/drone_ws/install/px4_ros_com/lib'
[161.254s] Level 1:colcon.colcon_core.shell:create_environment_hook('px4_ros_com', 'ld_library_path_lib')
[161.254s] INFO:colcon.colcon_core.shell:Creating environment hook '/home/bwally/uav-thesis/drone_ws/install/px4_ros_com/share/px4_ros_com/hook/ld_library_path_lib.ps1'
[161.254s] INFO:colcon.colcon_core.shell:Creating environment descriptor '/home/bwally/uav-thesis/drone_ws/install/px4_ros_com/share/px4_ros_com/hook/ld_library_path_lib.dsv'
[161.254s] INFO:colcon.colcon_core.shell:Creating environment hook '/home/bwally/uav-thesis/drone_ws/install/px4_ros_com/share/px4_ros_com/hook/ld_library_path_lib.sh'
[161.254s] Level 1:colcon.colcon_core.environment:checking '/home/bwally/uav-thesis/drone_ws/install/px4_ros_com/bin'
[161.254s] Level 1:colcon.colcon_core.environment:checking '/home/bwally/uav-thesis/drone_ws/install/px4_ros_com/lib/pkgconfig/px4_ros_com.pc'
[161.255s] Level 1:colcon.colcon_core.environment:checking '/home/bwally/uav-thesis/drone_ws/install/px4_ros_com/lib/python3.10/site-packages'
[161.255s] Level 1:colcon.colcon_core.environment:checking '/home/bwally/uav-thesis/drone_ws/install/px4_ros_com/bin'
[161.255s] INFO:colcon.colcon_core.shell:Creating package script '/home/bwally/uav-thesis/drone_ws/install/px4_ros_com/share/px4_ros_com/package.ps1'
[161.255s] INFO:colcon.colcon_core.shell:Creating package descriptor '/home/bwally/uav-thesis/drone_ws/install/px4_ros_com/share/px4_ros_com/package.dsv'
[161.255s] INFO:colcon.colcon_core.shell:Creating package script '/home/bwally/uav-thesis/drone_ws/install/px4_ros_com/share/px4_ros_com/package.sh'
[161.256s] INFO:colcon.colcon_core.shell:Creating package script '/home/bwally/uav-thesis/drone_ws/install/px4_ros_com/share/px4_ros_com/package.bash'
[161.256s] INFO:colcon.colcon_core.shell:Creating package script '/home/bwally/uav-thesis/drone_ws/install/px4_ros_com/share/px4_ros_com/package.zsh'
[161.256s] Level 1:colcon.colcon_core.environment:create_file_with_runtime_dependencies(/home/bwally/uav-thesis/drone_ws/install/px4_ros_com/share/colcon-core/packages/px4_ros_com)
[161.257s] DEBUG:colcon.colcon_parallel_executor.executor.parallel:closing loop
[161.257s] DEBUG:colcon.colcon_parallel_executor.executor.parallel:loop closed
[161.257s] DEBUG:colcon.colcon_parallel_executor.executor.parallel:run_until_complete finished with '0'
[161.257s] DEBUG:colcon.colcon_core.event_reactor:joining thread
[161.300s] INFO:colcon.colcon_core.plugin_system:Skipping extension 'colcon_notification.desktop_notification.notify_send': Could not find 'notify-send'
[161.300s] INFO:colcon.colcon_core.plugin_system:Skipping extension 'colcon_notification.desktop_notification.terminal_notifier': Not used on non-Darwin systems
[161.300s] INFO:colcon.colcon_core.plugin_system:Skipping extension 'colcon_notification.desktop_notification.win32': Not used on non-Windows systems
[161.300s] INFO:colcon.colcon_notification.desktop_notification:Sending desktop notification using 'notify2'
[161.300s] DEBUG:colcon.colcon_notification.desktop_notification.notify2:Failed to initialize notify2: org.freedesktop.DBus.Error.FileNotFound: Failed to connect to socket /run/user/1000/bus: No such file or directory
[161.300s] DEBUG:colcon.colcon_core.event_reactor:joined thread
[161.300s] INFO:colcon.colcon_core.shell:Creating prefix script '/home/bwally/uav-thesis/drone_ws/install/local_setup.ps1'
[161.301s] INFO:colcon.colcon_core.shell:Creating prefix util module '/home/bwally/uav-thesis/drone_ws/install/_local_setup_util_ps1.py'
[161.302s] INFO:colcon.colcon_core.shell:Creating prefix chain script '/home/bwally/uav-thesis/drone_ws/install/setup.ps1'
[161.302s] INFO:colcon.colcon_core.shell:Creating prefix script '/home/bwally/uav-thesis/drone_ws/install/local_setup.sh'
[161.302s] INFO:colcon.colcon_core.shell:Creating prefix util module '/home/bwally/uav-thesis/drone_ws/install/_local_setup_util_sh.py'
[161.303s] INFO:colcon.colcon_core.shell:Creating prefix chain script '/home/bwally/uav-thesis/drone_ws/install/setup.sh'
[161.303s] INFO:colcon.colcon_core.shell:Creating prefix script '/home/bwally/uav-thesis/drone_ws/install/local_setup.bash'
[161.303s] INFO:colcon.colcon_core.shell:Creating prefix chain script '/home/bwally/uav-thesis/drone_ws/install/setup.bash'
[161.304s] INFO:colcon.colcon_core.shell:Creating prefix script '/home/bwally/uav-thesis/drone_ws/install/local_setup.zsh'
[161.304s] INFO:colcon.colcon_core.shell:Creating prefix chain script '/home/bwally/uav-thesis/drone_ws/install/setup.zsh'
