[0.128s] Invoking command in '/home/bwally/uav-thesis/drone_ws/build/px4_ros_com': AMENT_PREFIX_PATH=/home/bwally/uav-thesis/drone_ws/install/px4_msgs:${AMENT_PREFIX_PATH} CMAKE_PREFIX_PATH=/home/bwally/uav-thesis/drone_ws/install/px4_msgs:/opt/ros/humble LD_LIBRARY_PATH=/home/bwally/uav-thesis/drone_ws/install/px4_msgs/lib:${LD_LIBRARY_PATH} PYTHONPATH=/home/bwally/uav-thesis/drone_ws/install/px4_msgs/local/lib/python3.10/dist-packages:${PYTHONPATH} /usr/bin/cmake /home/bwally/uav-thesis/drone_ws/src/px4_ros_com -DCMAKE_INSTALL_PREFIX=/home/bwally/uav-thesis/drone_ws/install/px4_ros_com
[0.292s] -- The C compiler identification is GNU 11.4.0
[0.868s] -- The CXX compiler identification is GNU 11.4.0
[1.281s] -- Detecting C compiler ABI info
[1.456s] -- Detecting C compiler ABI info - done
[1.460s] -- Check for working C compiler: /usr/bin/cc - skipped
[1.461s] -- Detecting C compile features
[1.461s] -- Detecting C compile features - done
[1.463s] -- Detecting CXX compiler ABI info
[1.647s] -- Detecting CXX compiler ABI info - done
[1.651s] -- Check for working CXX compiler: /usr/bin/c++ - skipped
[1.651s] -- Detecting CXX compile features
[1.652s] -- Detecting CXX compile features - done
[1.653s] -- Found ament_cmake: 1.3.12 (/opt/ros/humble/share/ament_cmake/cmake)
[1.877s] -- Found Python3: /usr/bin/python3 (found version "3.10.12") found components: Interpreter 
[1.936s] -- Found builtin_interfaces: 1.2.2 (/opt/ros/humble/share/builtin_interfaces/cmake)
[2.086s] -- Found rosidl_generator_c: 3.1.8 (/opt/ros/humble/share/rosidl_generator_c/cmake)
[2.089s] -- Found rosidl_adapter: 3.1.8 (/opt/ros/humble/share/rosidl_adapter/cmake)
[2.094s] -- Found rosidl_generator_cpp: 3.1.8 (/opt/ros/humble/share/rosidl_generator_cpp/cmake)
[2.102s] -- Using all available rosidl_typesupport_c: rosidl_typesupport_fastrtps_c;rosidl_typesupport_introspection_c
[2.112s] -- Using all available rosidl_typesupport_cpp: rosidl_typesupport_fastrtps_cpp;rosidl_typesupport_introspection_cpp
[2.122s] -- Found eigen3_cmake_module: 0.1.1 (/opt/ros/humble/share/eigen3_cmake_module/cmake)
[2.130s] -- Found Eigen3: TRUE (found version "3.4.0") 
[2.131s] -- Found geometry_msgs: 4.9.0 (/opt/ros/humble/share/geometry_msgs/cmake)
[2.156s] -- Found px4_msgs: 2.0.1 (/home/bwally/uav-thesis/drone_ws/install/px4_msgs/share/px4_msgs/cmake)
[2.165s] -- Found rclcpp: 16.0.17 (/opt/ros/humble/share/rclcpp/cmake)
[2.207s] -- Found rmw_implementation_cmake: 6.1.2 (/opt/ros/humble/share/rmw_implementation_cmake/cmake)
[2.210s] -- Found rmw_fastrtps_cpp: 6.2.9 (/opt/ros/humble/share/rmw_fastrtps_cpp/cmake)
[3.644s] -- Found OpenSSL: /usr/lib/x86_64-linux-gnu/libcrypto.so (found version "3.0.2")  
[5.184s] -- Found FastRTPS: /opt/ros/humble/include  
[7.918s] -- Using RMW implementation 'rmw_fastrtps_cpp' as default
[7.929s] -- Looking for pthread.h
[8.107s] -- Looking for pthread.h - found
[8.107s] -- Performing Test CMAKE_HAVE_LIBC_PTHREAD
[8.286s] -- Performing Test CMAKE_HAVE_LIBC_PTHREAD - Success
[8.287s] -- Found Threads: TRUE  
[8.326s] -- Found sensor_msgs: 4.9.0 (/opt/ros/humble/share/sensor_msgs/cmake)
[8.343s] -- Found rclpy: 3.3.19 (/opt/ros/humble/share/rclpy/cmake)
[8.349s] -- Found ament_lint_auto: 0.12.14 (/opt/ros/humble/share/ament_lint_auto/cmake)
[8.445s] -- Added test 'copyright' to check source files copyright and LICENSE
[8.451s] -- Added test 'cppcheck' to perform static code analysis on C / C++ code
[8.452s] -- Configured cppcheck include dirs: /home/bwally/uav-thesis/drone_ws/src/px4_ros_com/include;$<BUILD_INTERFACE:/home/bwally/uav-thesis/drone_ws/src/px4_ros_com/include/px4_ros_com>
[8.452s] -- Configured cppcheck exclude dirs and/or files: 
[8.457s] -- Added test 'cpplint' to check C / C++ code against the Google style
[8.457s] -- Configured cpplint exclude dirs and/or files: 
[8.459s] -- Added test 'flake8' to check Python code syntax and style conventions
[8.461s] -- Added test 'lint_cmake' to check CMake code style
[8.462s] -- Added test 'pep257' to check Python code against some of the docstring style conventions in PEP 257
[8.467s] -- Added test 'uncrustify' to check C / C++ code style
[8.467s] -- Configured uncrustify additional arguments: 
[8.468s] -- Added test 'xmllint' to check XML markup files
[8.470s] -- Configuring done
[8.500s] -- Generating done
[8.506s] -- Build files have been written to: /home/bwally/uav-thesis/drone_ws/build/px4_ros_com
[8.515s] Invoked command in '/home/bwally/uav-thesis/drone_ws/build/px4_ros_com' returned '0': AMENT_PREFIX_PATH=/home/bwally/uav-thesis/drone_ws/install/px4_msgs:${AMENT_PREFIX_PATH} CMAKE_PREFIX_PATH=/home/bwally/uav-thesis/drone_ws/install/px4_msgs:/opt/ros/humble LD_LIBRARY_PATH=/home/bwally/uav-thesis/drone_ws/install/px4_msgs/lib:${LD_LIBRARY_PATH} PYTHONPATH=/home/bwally/uav-thesis/drone_ws/install/px4_msgs/local/lib/python3.10/dist-packages:${PYTHONPATH} /usr/bin/cmake /home/bwally/uav-thesis/drone_ws/src/px4_ros_com -DCMAKE_INSTALL_PREFIX=/home/bwally/uav-thesis/drone_ws/install/px4_ros_com
[8.516s] Invoking command in '/home/bwally/uav-thesis/drone_ws/build/px4_ros_com': AMENT_PREFIX_PATH=/home/bwally/uav-thesis/drone_ws/install/px4_msgs:${AMENT_PREFIX_PATH} CMAKE_PREFIX_PATH=/home/bwally/uav-thesis/drone_ws/install/px4_msgs:/opt/ros/humble LD_LIBRARY_PATH=/home/bwally/uav-thesis/drone_ws/install/px4_msgs/lib:${LD_LIBRARY_PATH} PYTHONPATH=/home/bwally/uav-thesis/drone_ws/install/px4_msgs/local/lib/python3.10/dist-packages:${PYTHONPATH} /usr/bin/cmake --build /home/bwally/uav-thesis/drone_ws/build/px4_ros_com -- -j16 -l16
[8.557s] [  8%] [32mBuilding CXX object CMakeFiles/frame_transforms.dir/src/lib/frame_transforms.cpp.o[0m
[8.557s] [ 25%] [32mBuilding CXX object CMakeFiles/vehicle_gps_position_listener.dir/src/examples/listeners/vehicle_gps_position_listener.cpp.o[0m
[8.558s] [ 25%] [32mBuilding CXX object CMakeFiles/sensor_combined_listener.dir/src/examples/listeners/sensor_combined_listener.cpp.o[0m
[8.559s] [ 33%] [32mBuilding CXX object CMakeFiles/offboard_control_srv.dir/src/examples/offboard/offboard_control_srv.cpp.o[0m
[8.559s] [ 41%] [32mBuilding CXX object CMakeFiles/debug_vect_advertiser.dir/src/examples/advertisers/debug_vect_advertiser.cpp.o[0m
[8.559s] [ 50%] [32mBuilding CXX object CMakeFiles/offboard_control.dir/src/examples/offboard/offboard_control.cpp.o[0m
[8.566s] [ 50%] Built target ament_cmake_python_copy_px4_ros_com
[8.702s] running egg_info
[8.710s] creating px4_ros_com.egg-info
[8.711s] writing px4_ros_com.egg-info/PKG-INFO
[8.711s] writing dependency_links to px4_ros_com.egg-info/dependency_links.txt
[8.711s] writing top-level names to px4_ros_com.egg-info/top_level.txt
[8.711s] writing manifest file 'px4_ros_com.egg-info/SOURCES.txt'
[8.737s] reading manifest file 'px4_ros_com.egg-info/SOURCES.txt'
[8.737s] writing manifest file 'px4_ros_com.egg-info/SOURCES.txt'
[8.757s] [ 50%] Built target ament_cmake_python_build_px4_ros_com_egg
[11.841s] [ 58%] [32m[1mLinking CXX executable debug_vect_advertiser[0m
[12.121s] [ 58%] Built target debug_vect_advertiser
[12.406s] [ 66%] [32m[1mLinking CXX executable offboard_control[0m
[12.679s] [ 66%] Built target offboard_control
[12.959s] [ 75%] [32m[1mLinking CXX executable offboard_control_srv[0m
[13.245s] [ 75%] Built target offboard_control_srv
[13.384s] [ 83%] [32m[1mLinking CXX shared library libframe_transforms.so[0m
[13.695s] [ 83%] Built target frame_transforms
[14.408s] [100%] [32m[1mLinking CXX executable vehicle_gps_position_listener[0m
[14.408s] [100%] [32m[1mLinking CXX executable sensor_combined_listener[0m
[14.703s] [100%] Built target vehicle_gps_position_listener
[14.705s] [100%] Built target sensor_combined_listener
[14.715s] Invoked command in '/home/bwally/uav-thesis/drone_ws/build/px4_ros_com' returned '0': AMENT_PREFIX_PATH=/home/bwally/uav-thesis/drone_ws/install/px4_msgs:${AMENT_PREFIX_PATH} CMAKE_PREFIX_PATH=/home/bwally/uav-thesis/drone_ws/install/px4_msgs:/opt/ros/humble LD_LIBRARY_PATH=/home/bwally/uav-thesis/drone_ws/install/px4_msgs/lib:${LD_LIBRARY_PATH} PYTHONPATH=/home/bwally/uav-thesis/drone_ws/install/px4_msgs/local/lib/python3.10/dist-packages:${PYTHONPATH} /usr/bin/cmake --build /home/bwally/uav-thesis/drone_ws/build/px4_ros_com -- -j16 -l16
[14.716s] Invoking command in '/home/bwally/uav-thesis/drone_ws/build/px4_ros_com': AMENT_PREFIX_PATH=/home/bwally/uav-thesis/drone_ws/install/px4_msgs:${AMENT_PREFIX_PATH} CMAKE_PREFIX_PATH=/home/bwally/uav-thesis/drone_ws/install/px4_msgs:/opt/ros/humble LD_LIBRARY_PATH=/home/bwally/uav-thesis/drone_ws/install/px4_msgs/lib:${LD_LIBRARY_PATH} PYTHONPATH=/home/bwally/uav-thesis/drone_ws/install/px4_msgs/local/lib/python3.10/dist-packages:${PYTHONPATH} /usr/bin/cmake --install /home/bwally/uav-thesis/drone_ws/build/px4_ros_com
[14.721s] -- Install configuration: ""
[14.722s] -- Installing: /home/bwally/uav-thesis/drone_ws/install/px4_ros_com/lib/px4_ros_com/sensor_combined_listener
[14.726s] -- Set runtime path of "/home/bwally/uav-thesis/drone_ws/install/px4_ros_com/lib/px4_ros_com/sensor_combined_listener" to ""
[14.726s] -- Installing: /home/bwally/uav-thesis/drone_ws/install/px4_ros_com/lib/px4_ros_com/vehicle_gps_position_listener
[14.729s] -- Set runtime path of "/home/bwally/uav-thesis/drone_ws/install/px4_ros_com/lib/px4_ros_com/vehicle_gps_position_listener" to ""
[14.729s] -- Installing: /home/bwally/uav-thesis/drone_ws/install/px4_ros_com/lib/px4_ros_com/debug_vect_advertiser
[14.730s] -- Set runtime path of "/home/bwally/uav-thesis/drone_ws/install/px4_ros_com/lib/px4_ros_com/debug_vect_advertiser" to ""
[14.730s] -- Installing: /home/bwally/uav-thesis/drone_ws/install/px4_ros_com/lib/px4_ros_com/offboard_control
[14.732s] -- Set runtime path of "/home/bwally/uav-thesis/drone_ws/install/px4_ros_com/lib/px4_ros_com/offboard_control" to ""
[14.732s] -- Installing: /home/bwally/uav-thesis/drone_ws/install/px4_ros_com/lib/px4_ros_com/offboard_control_srv
[14.733s] -- Set runtime path of "/home/bwally/uav-thesis/drone_ws/install/px4_ros_com/lib/px4_ros_com/offboard_control_srv" to ""
[14.735s] -- Installing: /home/bwally/uav-thesis/drone_ws/install/px4_ros_com/share/px4_ros_com/environment/library_path.sh
[14.735s] -- Installing: /home/bwally/uav-thesis/drone_ws/install/px4_ros_com/share/px4_ros_com/environment/library_path.dsv
[14.735s] -- Installing: /home/bwally/uav-thesis/drone_ws/install/px4_ros_com/include/px4_ros_com
[14.735s] -- Installing: /home/bwally/uav-thesis/drone_ws/install/px4_ros_com/include/px4_ros_com/frame_transforms.h
[14.736s] -- Installing: /home/bwally/uav-thesis/drone_ws/install/px4_ros_com/lib/libframe_transforms.so
[14.739s] -- Set runtime path of "/home/bwally/uav-thesis/drone_ws/install/px4_ros_com/lib/libframe_transforms.so" to ""
[14.739s] -- Installing: /home/bwally/uav-thesis/drone_ws/install/px4_ros_com/share/px4_ros_com//launch
[14.740s] -- Installing: /home/bwally/uav-thesis/drone_ws/install/px4_ros_com/share/px4_ros_com//launch/sensor_combined_listener.launch.py
[14.740s] -- Installing: /home/bwally/uav-thesis/drone_ws/install/px4_ros_com/share/px4_ros_com//launch/offboard_control_launch.yaml
[14.740s] -- Installing: /home/bwally/uav-thesis/drone_ws/install/px4_ros_com/share/px4_ros_com//test
[14.740s] -- Installing: /home/bwally/uav-thesis/drone_ws/install/px4_ros_com/share/px4_ros_com//test/pipeline_io_test.py
[14.741s] -- Installing: /home/bwally/uav-thesis/drone_ws/install/px4_ros_com/share/px4_ros_com//test/__init__.py
[14.741s] -- Installing: /home/bwally/uav-thesis/drone_ws/install/px4_ros_com/share/px4_ros_com//test/test_output.py
[14.741s] -- Installing: /home/bwally/uav-thesis/drone_ws/install/px4_ros_com/share/px4_ros_com//test/test_input.py
[14.741s] -- Installing: /home/bwally/uav-thesis/drone_ws/install/px4_ros_com/share/px4_ros_com/environment/pythonpath.sh
[14.741s] -- Installing: /home/bwally/uav-thesis/drone_ws/install/px4_ros_com/share/px4_ros_com/environment/pythonpath.dsv
[14.741s] -- Installing: /home/bwally/uav-thesis/drone_ws/install/px4_ros_com/local/lib/python3.10/dist-packages/px4_ros_com-0.1.0-py3.10.egg-info
[14.743s] -- Installing: /home/bwally/uav-thesis/drone_ws/install/px4_ros_com/local/lib/python3.10/dist-packages/px4_ros_com-0.1.0-py3.10.egg-info/top_level.txt
[14.743s] -- Installing: /home/bwally/uav-thesis/drone_ws/install/px4_ros_com/local/lib/python3.10/dist-packages/px4_ros_com-0.1.0-py3.10.egg-info/SOURCES.txt
[14.743s] -- Installing: /home/bwally/uav-thesis/drone_ws/install/px4_ros_com/local/lib/python3.10/dist-packages/px4_ros_com-0.1.0-py3.10.egg-info/PKG-INFO
[14.743s] -- Installing: /home/bwally/uav-thesis/drone_ws/install/px4_ros_com/local/lib/python3.10/dist-packages/px4_ros_com-0.1.0-py3.10.egg-info/dependency_links.txt
[14.743s] -- Installing: /home/bwally/uav-thesis/drone_ws/install/px4_ros_com/local/lib/python3.10/dist-packages/px4_ros_com
[14.744s] -- Installing: /home/bwally/uav-thesis/drone_ws/install/px4_ros_com/local/lib/python3.10/dist-packages/px4_ros_com/__init__.py
[14.744s] -- Installing: /home/bwally/uav-thesis/drone_ws/install/px4_ros_com/local/lib/python3.10/dist-packages/px4_ros_com/module_to_import.py
[14.767s] Listing '/home/bwally/uav-thesis/drone_ws/install/px4_ros_com/local/lib/python3.10/dist-packages/px4_ros_com'...
[14.767s] Compiling '/home/bwally/uav-thesis/drone_ws/install/px4_ros_com/local/lib/python3.10/dist-packages/px4_ros_com/__init__.py'...
[14.767s] Compiling '/home/bwally/uav-thesis/drone_ws/install/px4_ros_com/local/lib/python3.10/dist-packages/px4_ros_com/module_to_import.py'...
[14.769s] -- Installing: /home/bwally/uav-thesis/drone_ws/install/px4_ros_com/lib/px4_ros_com/offboard_control.py
[14.771s] -- Installing: /home/bwally/uav-thesis/drone_ws/install/px4_ros_com/share/ament_index/resource_index/package_run_dependencies/px4_ros_com
[14.771s] -- Installing: /home/bwally/uav-thesis/drone_ws/install/px4_ros_com/share/ament_index/resource_index/parent_prefix_path/px4_ros_com
[14.772s] -- Installing: /home/bwally/uav-thesis/drone_ws/install/px4_ros_com/share/px4_ros_com/environment/ament_prefix_path.sh
[14.772s] -- Installing: /home/bwally/uav-thesis/drone_ws/install/px4_ros_com/share/px4_ros_com/environment/ament_prefix_path.dsv
[14.772s] -- Installing: /home/bwally/uav-thesis/drone_ws/install/px4_ros_com/share/px4_ros_com/environment/path.sh
[14.772s] -- Installing: /home/bwally/uav-thesis/drone_ws/install/px4_ros_com/share/px4_ros_com/environment/path.dsv
[14.772s] -- Installing: /home/bwally/uav-thesis/drone_ws/install/px4_ros_com/share/px4_ros_com/local_setup.bash
[14.772s] -- Installing: /home/bwally/uav-thesis/drone_ws/install/px4_ros_com/share/px4_ros_com/local_setup.sh
[14.773s] -- Installing: /home/bwally/uav-thesis/drone_ws/install/px4_ros_com/share/px4_ros_com/local_setup.zsh
[14.773s] -- Installing: /home/bwally/uav-thesis/drone_ws/install/px4_ros_com/share/px4_ros_com/local_setup.dsv
[14.773s] -- Installing: /home/bwally/uav-thesis/drone_ws/install/px4_ros_com/share/px4_ros_com/package.dsv
[14.773s] -- Installing: /home/bwally/uav-thesis/drone_ws/install/px4_ros_com/share/ament_index/resource_index/packages/px4_ros_com
[14.774s] -- Installing: /home/bwally/uav-thesis/drone_ws/install/px4_ros_com/share/px4_ros_com/cmake/export_frame_transformsExport.cmake
[14.774s] -- Installing: /home/bwally/uav-thesis/drone_ws/install/px4_ros_com/share/px4_ros_com/cmake/export_frame_transformsExport-noconfig.cmake
[14.774s] -- Installing: /home/bwally/uav-thesis/drone_ws/install/px4_ros_com/share/px4_ros_com/cmake/ament_cmake_export_dependencies-extras.cmake
[14.774s] -- Installing: /home/bwally/uav-thesis/drone_ws/install/px4_ros_com/share/px4_ros_com/cmake/ament_cmake_export_targets-extras.cmake
[14.775s] -- Installing: /home/bwally/uav-thesis/drone_ws/install/px4_ros_com/share/px4_ros_com/cmake/ament_cmake_export_include_directories-extras.cmake
[14.775s] -- Installing: /home/bwally/uav-thesis/drone_ws/install/px4_ros_com/share/px4_ros_com/cmake/ament_cmake_export_libraries-extras.cmake
[14.775s] -- Installing: /home/bwally/uav-thesis/drone_ws/install/px4_ros_com/share/px4_ros_com/cmake/px4_ros_comConfig.cmake
[14.775s] -- Installing: /home/bwally/uav-thesis/drone_ws/install/px4_ros_com/share/px4_ros_com/cmake/px4_ros_comConfig-version.cmake
[14.775s] -- Installing: /home/bwally/uav-thesis/drone_ws/install/px4_ros_com/share/px4_ros_com/package.xml
[14.777s] Invoked command in '/home/bwally/uav-thesis/drone_ws/build/px4_ros_com' returned '0': AMENT_PREFIX_PATH=/home/bwally/uav-thesis/drone_ws/install/px4_msgs:${AMENT_PREFIX_PATH} CMAKE_PREFIX_PATH=/home/bwally/uav-thesis/drone_ws/install/px4_msgs:/opt/ros/humble LD_LIBRARY_PATH=/home/bwally/uav-thesis/drone_ws/install/px4_msgs/lib:${LD_LIBRARY_PATH} PYTHONPATH=/home/bwally/uav-thesis/drone_ws/install/px4_msgs/local/lib/python3.10/dist-packages:${PYTHONPATH} /usr/bin/cmake --install /home/bwally/uav-thesis/drone_ws/build/px4_ros_com
